<?xml version="1.0" encoding="UTF-8"?>
<!-- Generated by org.testng.reporters.JUnitReportReporter -->
<testsuite skipped="0" hostname="Sandeep" name="com.HC.testCases.TC_QualityDashboardReAssign" tests="1" failures="0" timestamp="04 Apr 2022 05:39:36 GMT" time="27.495" errors="0">
  <testcase name="TC_QualityDashboardReAssign" time="27.495" classname="com.HC.testCases.TC_QualityDashboardReAssign"/>
</testsuite> <!-- com.HC.testCases.TC_QualityDashboardReAssign -->
