<?xml version="1.0" encoding="UTF-8"?>
<!-- Generated by org.testng.reporters.JUnitReportReporter -->
<testsuite skipped="0" hostname="Sandeep" name="com.HC.testCases.TC_IncidentDashboardDeleteIncident" tests="1" failures="0" timestamp="04 Apr 2022 05:39:36 GMT" time="35.546" errors="0">
  <testcase name="TC_IncidentDashboardDeleteIncident" time="35.546" classname="com.HC.testCases.TC_IncidentDashboardDeleteIncident"/>
</testsuite> <!-- com.HC.testCases.TC_IncidentDashboardDeleteIncident -->
