<?xml version="1.0" encoding="UTF-8"?>
<!-- Generated by org.testng.reporters.JUnitReportReporter -->
<testsuite skipped="0" hostname="Sandeep" name="com.HC.testCases.TC_LoginDDT_002" tests="2" failures="0" timestamp="04 Apr 2022 05:39:36 GMT" time="41.310" errors="0">
  <testcase name="loginTest" time="25.812" classname="com.HC.testCases.TC_LoginDDT_002"/>
  <testcase name="loginTest" time="15.498" classname="com.HC.testCases.TC_LoginDDT_002"/>
</testsuite> <!-- com.HC.testCases.TC_LoginDDT_002 -->
